<?xml version="1.0" encoding="UTF-8"?>
<testng-results ignored="0" total="1" passed="1" failed="0" skipped="0">
  <reporter-output>
  </reporter-output>
  <suite started-at="2023-08-29T11:16:18 CEST" name="Default suite" finished-at="2023-08-29T11:16:36 CEST" duration-ms="17914">
    <groups>
    </groups>
    <test started-at="2023-08-29T11:16:18 CEST" name="Default test" finished-at="2023-08-29T11:16:36 CEST" duration-ms="17914">
      <class name="testcases.checkoutFlow">
        <test-method is-config="true" signature="setup()[pri:0, instance:testcases.checkoutFlow@2e6a8155]" started-at="2023-08-29T11:16:18 CEST" name="setup" finished-at="2023-08-29T11:16:21 CEST" duration-ms="3763" status="PASS">
          <reporter-output>
          </reporter-output>
        </test-method> <!-- setup -->
        <test-method signature="checkoutflow()[pri:0, instance:testcases.checkoutFlow@2e6a8155]" started-at="2023-08-29T11:16:21 CEST" name="checkoutflow" finished-at="2023-08-29T11:16:35 CEST" duration-ms="13831" status="PASS">
          <reporter-output>
          </reporter-output>
        </test-method> <!-- checkoutflow -->
        <test-method is-config="true" signature="tearDown()[pri:0, instance:testcases.checkoutFlow@2e6a8155]" started-at="2023-08-29T11:16:35 CEST" name="tearDown" finished-at="2023-08-29T11:16:36 CEST" duration-ms="287" status="PASS">
          <reporter-output>
          </reporter-output>
        </test-method> <!-- tearDown -->
      </class> <!-- testcases.checkoutFlow -->
    </test> <!-- Default test -->
  </suite> <!-- Default suite -->
</testng-results>
